mode: set
github.com/roverdotcom/snagsby/pkg/formatters/format.go:21.53,23.22 2 1
github.com/roverdotcom/snagsby/pkg/formatters/format.go:23.22,24.23 1 1
github.com/roverdotcom/snagsby/pkg/formatters/format.go:24.23,26.4 1 1
github.com/roverdotcom/snagsby/pkg/formatters/format.go:28.2,28.12 1 1
github.com/roverdotcom/snagsby/pkg/formatters/format.go:31.33,34.2 2 1
github.com/roverdotcom/snagsby/pkg/formatters/format.go:38.46,41.19 3 1
github.com/roverdotcom/snagsby/pkg/formatters/format.go:41.19,43.3 1 1
github.com/roverdotcom/snagsby/pkg/formatters/format.go:45.2,46.25 2 1
github.com/roverdotcom/snagsby/pkg/formatters/format.go:46.25,49.3 2 1
github.com/roverdotcom/snagsby/pkg/formatters/format.go:51.2,51.24 1 1
github.com/roverdotcom/snagsby/pkg/formatters/format.go:57.50,60.19 3 0
github.com/roverdotcom/snagsby/pkg/formatters/format.go:60.19,62.3 1 0
github.com/roverdotcom/snagsby/pkg/formatters/format.go:64.2,65.25 2 0
github.com/roverdotcom/snagsby/pkg/formatters/format.go:65.25,68.3 2 0
github.com/roverdotcom/snagsby/pkg/formatters/format.go:70.2,70.24 1 0
github.com/roverdotcom/snagsby/pkg/formatters/format.go:74.47,76.16 2 1
github.com/roverdotcom/snagsby/pkg/formatters/format.go:76.16,78.3 1 0
github.com/roverdotcom/snagsby/pkg/formatters/format.go:79.2,79.20 1 1
github.com/roverdotcom/snagsby/pkg/config/config.go:16.42,18.2 1 1
github.com/roverdotcom/snagsby/pkg/config/config.go:21.26,23.2 1 1
github.com/roverdotcom/snagsby/pkg/config/config.go:32.62,39.33 4 1
github.com/roverdotcom/snagsby/pkg/config/config.go:39.33,41.3 1 1
github.com/roverdotcom/snagsby/pkg/config/config.go:43.2,43.19 1 1
github.com/roverdotcom/snagsby/pkg/config/config.go:43.19,45.3 1 1
github.com/roverdotcom/snagsby/pkg/config/config.go:45.8,47.3 1 1
github.com/roverdotcom/snagsby/pkg/config/config.go:49.2,49.39 1 1
github.com/roverdotcom/snagsby/pkg/config/config.go:49.39,51.17 2 1
github.com/roverdotcom/snagsby/pkg/config/config.go:51.17,53.4 1 1
github.com/roverdotcom/snagsby/pkg/config/config.go:54.3,54.46 1 1
github.com/roverdotcom/snagsby/pkg/config/config.go:57.2,57.12 1 1
github.com/roverdotcom/snagsby/pkg/config/config.go:61.41,63.2 1 0
github.com/roverdotcom/snagsby/pkg/config/config.go:66.35,68.2 1 1
github.com/roverdotcom/snagsby/pkg/config/utils.go:12.35,15.2 2 0
github.com/roverdotcom/snagsby/pkg/app/app.go:9.77,12.52 3 0
github.com/roverdotcom/snagsby/pkg/app/app.go:12.52,15.55 3 0
github.com/roverdotcom/snagsby/pkg/app/app.go:15.55,17.4 1 0
github.com/roverdotcom/snagsby/pkg/app/app.go:20.2,20.27 1 0
github.com/roverdotcom/snagsby/pkg/app/app.go:20.27,22.3 1 0
github.com/roverdotcom/snagsby/pkg/app/app.go:24.2,24.12 1 0
github.com/roverdotcom/snagsby/main.go:25.13,27.25 2 0
github.com/roverdotcom/snagsby/main.go:27.25,30.3 2 0
github.com/roverdotcom/snagsby/main.go:31.2,38.17 7 0
github.com/roverdotcom/snagsby/main.go:38.17,41.3 2 0
github.com/roverdotcom/snagsby/main.go:44.2,45.9 2 0
github.com/roverdotcom/snagsby/main.go:45.9,48.3 2 0
github.com/roverdotcom/snagsby/main.go:50.2,52.16 3 0
github.com/roverdotcom/snagsby/main.go:52.16,55.3 2 0
github.com/roverdotcom/snagsby/main.go:57.2,59.33 3 0
github.com/roverdotcom/snagsby/main.go:59.33,60.25 1 0
github.com/roverdotcom/snagsby/main.go:60.25,63.38 2 0
github.com/roverdotcom/snagsby/main.go:63.38,65.5 1 0
github.com/roverdotcom/snagsby/main.go:68.4,68.15 1 0
github.com/roverdotcom/snagsby/main.go:68.15,70.5 1 0
github.com/roverdotcom/snagsby/main.go:72.4,72.12 1 0
github.com/roverdotcom/snagsby/main.go:75.3,75.18 1 0
github.com/roverdotcom/snagsby/main.go:75.18,77.4 1 0
github.com/roverdotcom/snagsby/main.go:79.3,79.48 1 0
github.com/roverdotcom/snagsby/main.go:84.2,85.27 2 0
github.com/roverdotcom/snagsby/pkg/resolvers/aws.go:14.82,17.54 1 0
github.com/roverdotcom/snagsby/pkg/resolvers/aws.go:17.54,19.3 1 0
github.com/roverdotcom/snagsby/pkg/resolvers/aws.go:20.2,20.60 1 0
github.com/roverdotcom/snagsby/pkg/resolvers/aws.go:23.62,26.58 3 1
github.com/roverdotcom/snagsby/pkg/resolvers/aws.go:26.58,28.3 1 0
github.com/roverdotcom/snagsby/pkg/resolvers/aws.go:29.2,29.22 1 1
github.com/roverdotcom/snagsby/pkg/resolvers/aws.go:29.22,31.25 2 1
github.com/roverdotcom/snagsby/pkg/resolvers/aws.go:32.15,33.15 1 1
github.com/roverdotcom/snagsby/pkg/resolvers/aws.go:34.16,35.49 1 1
github.com/roverdotcom/snagsby/pkg/resolvers/aws.go:36.13,38.10 2 1
github.com/roverdotcom/snagsby/pkg/resolvers/aws.go:38.10,40.5 1 0
github.com/roverdotcom/snagsby/pkg/resolvers/aws.go:40.10,42.5 1 1
github.com/roverdotcom/snagsby/pkg/resolvers/aws.go:43.4,43.14 1 1
github.com/roverdotcom/snagsby/pkg/resolvers/aws.go:46.2,46.17 1 1
github.com/roverdotcom/snagsby/pkg/resolvers/manifest.go:32.111,33.33 1 0
github.com/roverdotcom/snagsby/pkg/resolvers/manifest.go:33.33,39.3 5 0
github.com/roverdotcom/snagsby/pkg/resolvers/manifest.go:42.93,47.16 3 0
github.com/roverdotcom/snagsby/pkg/resolvers/manifest.go:47.16,49.3 1 0
github.com/roverdotcom/snagsby/pkg/resolvers/manifest.go:50.2,50.37 1 0
github.com/roverdotcom/snagsby/pkg/resolvers/manifest.go:53.73,54.68 1 0
github.com/roverdotcom/snagsby/pkg/resolvers/manifest.go:54.68,56.3 1 0
github.com/roverdotcom/snagsby/pkg/resolvers/manifest.go:57.2,57.16 1 0
github.com/roverdotcom/snagsby/pkg/resolvers/manifest.go:57.16,60.3 2 0
github.com/roverdotcom/snagsby/pkg/resolvers/manifest.go:61.2,65.43 5 0
github.com/roverdotcom/snagsby/pkg/resolvers/manifest.go:65.43,67.3 1 0
github.com/roverdotcom/snagsby/pkg/resolvers/manifest.go:70.2,71.34 2 0
github.com/roverdotcom/snagsby/pkg/resolvers/manifest.go:71.34,73.3 1 0
github.com/roverdotcom/snagsby/pkg/resolvers/manifest.go:74.2,76.32 2 0
github.com/roverdotcom/snagsby/pkg/resolvers/manifest.go:76.32,78.29 2 0
github.com/roverdotcom/snagsby/pkg/resolvers/manifest.go:78.29,80.4 1 0
github.com/roverdotcom/snagsby/pkg/resolvers/manifest.go:80.9,82.4 1 0
github.com/roverdotcom/snagsby/pkg/resolvers/manifest.go:84.2,84.20 1 0
github.com/roverdotcom/snagsby/pkg/resolvers/manifest.go:89.67,93.16 4 0
github.com/roverdotcom/snagsby/pkg/resolvers/manifest.go:93.16,96.3 2 0
github.com/roverdotcom/snagsby/pkg/resolvers/manifest.go:97.2,99.16 3 0
github.com/roverdotcom/snagsby/pkg/resolvers/manifest.go:99.16,102.3 2 0
github.com/roverdotcom/snagsby/pkg/resolvers/manifest.go:104.2,106.15 2 0
github.com/roverdotcom/snagsby/pkg/resolvers/resolvers.go:27.48,29.20 1 1
github.com/roverdotcom/snagsby/pkg/resolvers/resolvers.go:29.20,31.3 1 1
github.com/roverdotcom/snagsby/pkg/resolvers/resolvers.go:32.2,33.22 2 1
github.com/roverdotcom/snagsby/pkg/resolvers/resolvers.go:37.55,39.20 1 0
github.com/roverdotcom/snagsby/pkg/resolvers/resolvers.go:39.20,41.3 1 0
github.com/roverdotcom/snagsby/pkg/resolvers/resolvers.go:42.2,42.26 1 0
github.com/roverdotcom/snagsby/pkg/resolvers/resolvers.go:42.26,44.3 1 0
github.com/roverdotcom/snagsby/pkg/resolvers/resolvers.go:48.41,50.2 1 0
github.com/roverdotcom/snagsby/pkg/resolvers/resolvers.go:53.35,55.2 1 0
github.com/roverdotcom/snagsby/pkg/resolvers/resolvers.go:58.38,60.25 2 0
github.com/roverdotcom/snagsby/pkg/resolvers/resolvers.go:60.25,62.3 1 0
github.com/roverdotcom/snagsby/pkg/resolvers/resolvers.go:63.2,63.13 1 0
github.com/roverdotcom/snagsby/pkg/resolvers/resolvers.go:67.33,69.2 1 0
github.com/roverdotcom/snagsby/pkg/resolvers/resolvers.go:72.51,75.30 3 0
github.com/roverdotcom/snagsby/pkg/resolvers/resolvers.go:75.30,77.3 1 0
github.com/roverdotcom/snagsby/pkg/resolvers/resolvers.go:77.8,77.37 1 0
github.com/roverdotcom/snagsby/pkg/resolvers/resolvers.go:77.37,79.3 1 0
github.com/roverdotcom/snagsby/pkg/resolvers/resolvers.go:79.8,79.43 1 0
github.com/roverdotcom/snagsby/pkg/resolvers/resolvers.go:79.43,81.3 1 0
github.com/roverdotcom/snagsby/pkg/resolvers/resolvers.go:81.8,83.3 1 0
github.com/roverdotcom/snagsby/pkg/resolvers/resolvers.go:85.2,85.26 1 0
github.com/roverdotcom/snagsby/pkg/resolvers/s3.go:16.60,20.2 2 1
github.com/roverdotcom/snagsby/pkg/resolvers/s3.go:23.68,29.16 4 0
github.com/roverdotcom/snagsby/pkg/resolvers/s3.go:29.16,32.3 2 0
github.com/roverdotcom/snagsby/pkg/resolvers/s3.go:34.2,36.18 2 0
github.com/roverdotcom/snagsby/pkg/resolvers/s3.go:36.18,38.3 1 0
github.com/roverdotcom/snagsby/pkg/resolvers/s3.go:39.2,45.18 3 0
github.com/roverdotcom/snagsby/pkg/resolvers/s3.go:45.18,48.3 2 0
github.com/roverdotcom/snagsby/pkg/resolvers/s3.go:49.2,55.16 6 0
github.com/roverdotcom/snagsby/pkg/resolvers/s3.go:55.16,58.3 2 0
github.com/roverdotcom/snagsby/pkg/resolvers/s3.go:59.2,60.15 2 0
github.com/roverdotcom/snagsby/pkg/resolvers/secretsmanager.go:22.13,25.16 2 1
github.com/roverdotcom/snagsby/pkg/resolvers/secretsmanager.go:25.16,27.27 2 0
github.com/roverdotcom/snagsby/pkg/resolvers/secretsmanager.go:27.27,29.4 1 0
github.com/roverdotcom/snagsby/pkg/resolvers/secretsmanager.go:42.94,43.24 1 0
github.com/roverdotcom/snagsby/pkg/resolvers/secretsmanager.go:43.24,51.25 6 0
github.com/roverdotcom/snagsby/pkg/resolvers/secretsmanager.go:51.25,53.4 1 0
github.com/roverdotcom/snagsby/pkg/resolvers/secretsmanager.go:54.3,55.22 2 0
github.com/roverdotcom/snagsby/pkg/resolvers/secretsmanager.go:55.22,57.4 1 0
github.com/roverdotcom/snagsby/pkg/resolvers/secretsmanager.go:58.3,59.17 2 0
github.com/roverdotcom/snagsby/pkg/resolvers/secretsmanager.go:59.17,61.4 1 0
github.com/roverdotcom/snagsby/pkg/resolvers/secretsmanager.go:61.9,63.4 1 0
github.com/roverdotcom/snagsby/pkg/resolvers/secretsmanager.go:64.3,64.17 1 0
github.com/roverdotcom/snagsby/pkg/resolvers/secretsmanager.go:71.80,76.2 4 1
github.com/roverdotcom/snagsby/pkg/resolvers/secretsmanager.go:78.82,82.68 4 0
github.com/roverdotcom/snagsby/pkg/resolvers/secretsmanager.go:82.68,84.3 1 0
github.com/roverdotcom/snagsby/pkg/resolvers/secretsmanager.go:86.2,86.16 1 0
github.com/roverdotcom/snagsby/pkg/resolvers/secretsmanager.go:86.16,89.3 2 0
github.com/roverdotcom/snagsby/pkg/resolvers/secretsmanager.go:91.2,92.18 2 0
github.com/roverdotcom/snagsby/pkg/resolvers/secretsmanager.go:92.18,94.3 1 0
github.com/roverdotcom/snagsby/pkg/resolvers/secretsmanager.go:95.2,110.31 5 0
github.com/roverdotcom/snagsby/pkg/resolvers/secretsmanager.go:110.31,112.17 2 0
github.com/roverdotcom/snagsby/pkg/resolvers/secretsmanager.go:112.17,115.4 2 0
github.com/roverdotcom/snagsby/pkg/resolvers/secretsmanager.go:116.3,116.44 1 0
github.com/roverdotcom/snagsby/pkg/resolvers/secretsmanager.go:116.44,118.4 1 0
github.com/roverdotcom/snagsby/pkg/resolvers/secretsmanager.go:122.2,127.23 4 0
github.com/roverdotcom/snagsby/pkg/resolvers/secretsmanager.go:127.23,129.3 1 0
github.com/roverdotcom/snagsby/pkg/resolvers/secretsmanager.go:129.8,131.3 1 0
github.com/roverdotcom/snagsby/pkg/resolvers/secretsmanager.go:134.2,134.35 1 0
github.com/roverdotcom/snagsby/pkg/resolvers/secretsmanager.go:134.35,136.3 1 0
github.com/roverdotcom/snagsby/pkg/resolvers/secretsmanager.go:139.2,139.34 1 0
github.com/roverdotcom/snagsby/pkg/resolvers/secretsmanager.go:139.34,141.3 1 0
github.com/roverdotcom/snagsby/pkg/resolvers/secretsmanager.go:142.2,145.40 2 0
github.com/roverdotcom/snagsby/pkg/resolvers/secretsmanager.go:145.40,147.23 2 0
github.com/roverdotcom/snagsby/pkg/resolvers/secretsmanager.go:147.23,149.4 1 0
github.com/roverdotcom/snagsby/pkg/resolvers/secretsmanager.go:149.9,151.4 1 0
github.com/roverdotcom/snagsby/pkg/resolvers/secretsmanager.go:154.2,154.15 1 0
github.com/roverdotcom/snagsby/pkg/resolvers/secretsmanager.go:157.79,163.16 4 0
github.com/roverdotcom/snagsby/pkg/resolvers/secretsmanager.go:163.16,166.3 2 0
github.com/roverdotcom/snagsby/pkg/resolvers/secretsmanager.go:168.2,169.18 2 0
github.com/roverdotcom/snagsby/pkg/resolvers/secretsmanager.go:169.18,171.3 1 0
github.com/roverdotcom/snagsby/pkg/resolvers/secretsmanager.go:172.2,179.24 5 0
github.com/roverdotcom/snagsby/pkg/resolvers/secretsmanager.go:179.24,181.3 1 0
github.com/roverdotcom/snagsby/pkg/resolvers/secretsmanager.go:183.2,184.21 2 0
github.com/roverdotcom/snagsby/pkg/resolvers/secretsmanager.go:184.21,186.3 1 0
github.com/roverdotcom/snagsby/pkg/resolvers/secretsmanager.go:187.2,188.16 2 0
github.com/roverdotcom/snagsby/pkg/resolvers/secretsmanager.go:188.16,191.3 2 0
github.com/roverdotcom/snagsby/pkg/resolvers/secretsmanager.go:192.2,193.16 2 0
github.com/roverdotcom/snagsby/pkg/resolvers/secretsmanager.go:193.16,196.3 2 0
github.com/roverdotcom/snagsby/pkg/resolvers/secretsmanager.go:198.2,200.15 2 0
github.com/roverdotcom/snagsby/pkg/resolvers/secretsmanager.go:203.74,207.2 3 1
github.com/roverdotcom/snagsby/pkg/resolvers/secretsmanager.go:210.73,212.27 1 0
github.com/roverdotcom/snagsby/pkg/resolvers/secretsmanager.go:212.27,214.3 1 0
github.com/roverdotcom/snagsby/pkg/resolvers/secretsmanager.go:215.2,215.32 1 0
